2017/05/15 13:36:36 にビルドを開始しました。
     1>ノード 2 上のプロジェクト "C:\Program Files\Git\program\nanort\examples\SSSRender\SSSRender\SSSRender.vcxproj" (Build ターゲット)。
     1>ClCompile:
         C:\Program Files (x86)\Microsoft Visual Studio 12.0\VC\bin\CL.exe /c /ZI /nologo /W3 /WX- /sdl /Od /Oy- /D WIN32 /D _DEBUG /D _CONSOLE /D _LIB /D _UNICODE /D UNICODE /Gm /EHsc /RTC1 /MDd /GS /fp:precise /Zc:wchar_t /Zc:forScope /Fo"Debug\\" /Fd"Debug\vc120.pdb" /Gd /TP /analyze- /errorReport:prompt Ray.cpp Source.cpp stb_image.cpp stb_image_write.cpp tiny_obj_loader.cpp
         tiny_obj_loader.cpp
         stb_image_write.cpp
         stb_image.cpp
         Source.cpp
     1>c:\program files\git\program\nanort\examples\sssrender\sssrender\ray.h(15): warning C4305: '引数' : 'double' から 'float' へ切り詰めます。
     1>c:\program files\git\program\nanort\examples\sssrender\sssrender\source.cpp(48): warning C4305: '初期化中' : 'double' から 'const float' へ切り詰めます。
     1>c:\program files\git\program\nanort\examples\sssrender\sssrender\source.cpp(49): warning C4305: '初期化中' : 'double' から 'const float' へ切り詰めます。
     1>c:\program files\git\program\nanort\examples\sssrender\sssrender\source.cpp(219): warning C4244: '初期化中' : 'double' から 'float' への変換です。データが失われる可能性があります。
     1>c:\program files\git\program\nanort\examples\sssrender\sssrender\source.cpp(263): warning C4244: '初期化中' : 'double' から 'float' への変換です。データが失われる可能性があります。
     1>c:\program files\git\program\nanort\examples\sssrender\sssrender\source.cpp(269): warning C4244: '引数' : 'double' から 'float' への変換です。データが失われる可能性があります。
     1>c:\program files\git\program\nanort\examples\sssrender\sssrender\source.cpp(611): warning C4244: 'return' : 'int' から 'float' への変換です。データが失われる可能性があります。
     1>c:\program files\git\program\nanort\examples\sssrender\sssrender\source.cpp(701): warning C4244: '引数' : 'double' から 'float' への変換です。データが失われる可能性があります。
     1>c:\program files\git\program\nanort\examples\sssrender\sssrender\source.cpp(802): warning C4305: 'return' : 'double' から 'float' へ切り詰めます。
     1>c:\program files\git\program\nanort\examples\sssrender\sssrender\source.cpp(806): warning C4244: '初期化中' : 'double' から 'float' への変換です。データが失われる可能性があります。
     1>c:\program files\git\program\nanort\examples\sssrender\sssrender\source.cpp(913): warning C4244: '=' : 'double' から 'float' への変換です。データが失われる可能性があります。
     1>c:\program files\git\program\nanort\examples\sssrender\sssrender\source.cpp(920): warning C4305: '引数' : 'double' から 'float' へ切り詰めます。
     1>c:\program files\git\program\nanort\examples\sssrender\sssrender\source.cpp(953): warning C4244: '引数' : 'double' から 'float' への変換です。データが失われる可能性があります。
     1>c:\program files\git\program\nanort\examples\sssrender\sssrender\source.cpp(967): warning C4244: '初期化中' : 'double' から 'int' への変換です。データが失われる可能性があります。
     1>c:\program files\git\program\nanort\examples\sssrender\sssrender\source.cpp(982): warning C4244: '初期化中' : 'double' から 'float' への変換です。データが失われる可能性があります。
     1>c:\program files\git\program\nanort\examples\sssrender\sssrender\source.cpp(992): warning C4305: '引数' : 'double' から 'float' へ切り詰めます。
     1>c:\program files\git\program\nanort\examples\sssrender\sssrender\source.cpp(1018): warning C4305: '引数' : 'double' から 'float' へ切り詰めます。
     1>c:\program files\git\program\nanort\examples\sssrender\sssrender\source.cpp(1071): warning C4244: '初期化中' : 'double' から 'float' への変換です。データが失われる可能性があります。
     1>c:\program files\git\program\nanort\examples\sssrender\sssrender\source.cpp(1083): warning C4305: '引数' : 'double' から 'float' へ切り詰めます。
     1>c:\program files\git\program\nanort\examples\sssrender\sssrender\source.cpp(1110): warning C4305: '引数' : 'double' から 'float' へ切り詰めます。
     1>c:\program files\git\program\nanort\examples\sssrender\sssrender\source.cpp(1119): warning C4305: '引数' : 'double' から 'float' へ切り詰めます。
     1>c:\program files\git\program\nanort\examples\sssrender\sssrender\source.cpp(1182): warning C4244: '=' : 'float' から 'int' への変換です。データが失われる可能性があります。
     1>c:\program files\git\program\nanort\examples\sssrender\sssrender\source.cpp(1183): warning C4244: '=' : 'float' から 'int' への変換です。データが失われる可能性があります。
     1>c:\program files\git\program\nanort\examples\sssrender\sssrender\source.cpp(1184): warning C4244: '=' : 'float' から 'int' への変換です。データが失われる可能性があります。
     1>c:\program files\git\program\nanort\examples\sssrender\sssrender\source.cpp(1243): warning C4244: '引数' : 'time_t' から 'unsigned int' への変換です。データが失われる可能性があります。
     1>c:\program files\git\program\nanort\examples\sssrender\sssrender\source.cpp(1246): warning C4305: '引数' : 'double' から 'float' へ切り詰めます。
         Ray.cpp
     1>c:\program files\git\program\nanort\examples\sssrender\sssrender\ray.h(15): warning C4305: '引数' : 'double' から 'float' へ切り詰めます。
         コードを生成中...
       Link:
         C:\Program Files (x86)\Microsoft Visual Studio 12.0\VC\bin\link.exe /ERRORREPORT:PROMPT /OUT:"C:\Program Files\Git\program\nanort\examples\SSSRender\Debug\SSSRender.exe" /INCREMENTAL /NOLOGO kernel32.lib user32.lib gdi32.lib winspool.lib comdlg32.lib advapi32.lib shell32.lib ole32.lib oleaut32.lib uuid.lib odbc32.lib odbccp32.lib /MANIFEST /MANIFESTUAC:"level='asInvoker' uiAccess='false'" /manifest:embed /DEBUG /PDB:"C:\Program Files\Git\program\nanort\examples\SSSRender\Debug\SSSRender.pdb" /SUBSYSTEM:CONSOLE /TLBID:1 /DYNAMICBASE /NXCOMPAT /IMPLIB:"C:\Program Files\Git\program\nanort\examples\SSSRender\Debug\SSSRender.lib" /MACHINE:X86 Debug\Ray.obj
         Debug\Source.obj
         Debug\stb_image.obj
         Debug\stb_image_write.obj
         Debug\tiny_obj_loader.obj
         SSSRender.vcxproj -> C:\Program Files\Git\program\nanort\examples\SSSRender\Debug\SSSRender.exe
     1>プロジェクト "C:\Program Files\Git\program\nanort\examples\SSSRender\SSSRender\SSSRender.vcxproj" (Build ターゲット) のビルドが完了しました。

ビルドに成功しました。

経過時間 00:00:03.21
