2017/07/07 17:32:57 にビルドを開始しました。
     1>ノード 2 上のプロジェクト "C:\Program Files\Git\program\nanort\examples\SSSRender\SSSRender\SSSRender.vcxproj" (Build ターゲット)。
     1>ClCompile:
         C:\Program Files (x86)\Microsoft Visual Studio 12.0\VC\bin\x86_amd64\CL.exe /c /Zi /nologo /W3 /WX- /sdl /O2 /Oi /GL /D WIN32 /D NDEBUG /D _CONSOLE /D _LIB /D _UNICODE /D UNICODE /Gm- /EHsc /MD /GS /Gy /fp:precise /Zc:wchar_t /Zc:forScope /openmp- /Fo"x64\Release\\" /Fd"x64\Release\vc120.pdb" /Gd /TP /errorReport:prompt Source.cpp
         Source.cpp
     1>c:\program files\git\program\nanort\examples\sssrender\sssrender\ScopedTimer.h(32): warning C4244: '=' : '__int64' から 'double' への変換です。データが失われる可能性があります。
     1>c:\program files\git\program\nanort\examples\sssrender\sssrender\Ray.h(15): warning C4305: '引数' : 'double' から 'float' へ切り詰めます。
     1>Source.cpp(53): warning C4305: '初期化中' : 'double' から 'const float' へ切り詰めます。
     1>Source.cpp(54): warning C4305: '初期化中' : 'double' から 'const float' へ切り詰めます。
     1>Source.cpp(232): warning C4244: '初期化中' : 'double' から 'float' への変換です。データが失われる可能性があります。
     1>Source.cpp(276): warning C4244: '初期化中' : 'double' から 'float' への変換です。データが失われる可能性があります。
     1>Source.cpp(282): warning C4244: '引数' : 'double' から 'float' への変換です。データが失われる可能性があります。
     1>Source.cpp(522): warning C4267: '+=' : 'size_t' から 'unsigned int' に変換しました。データが失われているかもしれません。
     1>Source.cpp(523): warning C4267: '+=' : 'size_t' から 'unsigned int' に変換しました。データが失われているかもしれません。
     1>Source.cpp(524): warning C4267: '+=' : 'size_t' から 'unsigned int' に変換しました。データが失われているかもしれません。
     1>Source.cpp(655): warning C4244: 'return' : 'int' から 'float' への変換です。データが失われる可能性があります。
     1>Source.cpp(681): warning C4305: 'return' : 'double' から 'float' へ切り詰めます。
     1>Source.cpp(757): warning C4244: '引数' : 'double' から 'float' への変換です。データが失われる可能性があります。
     1>Source.cpp(806): warning C4244: '引数' : 'double' から 'float' への変換です。データが失われる可能性があります。
     1>Source.cpp(814): warning C4305: '引数' : 'double' から 'float' へ切り詰めます。
     1>Source.cpp(904): warning C4244: '引数' : 'double' から 'float' への変換です。データが失われる可能性があります。
     1>Source.cpp(940): warning C4305: '引数' : 'double' から 'float' へ切り詰めます。
     1>Source.cpp(972): warning C4305: '引数' : 'double' から 'float' へ切り詰めます。
     1>Source.cpp(1004): warning C4305: '引数' : 'double' から 'float' へ切り詰めます。
     1>Source.cpp(1112): warning C4305: 'return' : 'double' から 'float' へ切り詰めます。
     1>Source.cpp(1116): warning C4244: '初期化中' : 'double' から 'float' への変換です。データが失われる可能性があります。
     1>Source.cpp(1445): warning C4244: '=' : 'double' から 'float' への変換です。データが失われる可能性があります。
     1>Source.cpp(1480): warning C4244: '引数' : 'double' から 'float' への変換です。データが失われる可能性があります。
     1>Source.cpp(1486): warning C4305: '引数' : 'double' から 'float' へ切り詰めます。
     1>Source.cpp(1512): warning C4244: '=' : 'double' から 'float' への変換です。データが失われる可能性があります。
     1>Source.cpp(1549): warning C4244: '引数' : 'double' から 'float' への変換です。データが失われる可能性があります。
     1>Source.cpp(1573): warning C4244: '引数' : 'double' から 'float' への変換です。データが失われる可能性があります。
     1>Source.cpp(1576): warning C4244: '引数' : 'double' から 'float' への変換です。データが失われる可能性があります。
     1>Source.cpp(1603): warning C4244: '初期化中' : 'double' から 'int' への変換です。データが失われる可能性があります。
     1>Source.cpp(1619): warning C4244: '初期化中' : 'double' から 'float' への変換です。データが失われる可能性があります。
     1>Source.cpp(1626): warning C4305: '引数' : 'double' から 'float' へ切り詰めます。
     1>Source.cpp(1634): warning C4305: '引数' : 'double' から 'float' へ切り詰めます。
     1>Source.cpp(1658): warning C4305: '引数' : 'double' から 'float' へ切り詰めます。
     1>Source.cpp(1699): warning C4244: '初期化中' : 'double' から 'float' への変換です。データが失われる可能性があります。
     1>Source.cpp(1709): warning C4305: '引数' : 'double' から 'float' へ切り詰めます。
     1>Source.cpp(1718): warning C4305: '引数' : 'double' から 'float' へ切り詰めます。
     1>Source.cpp(1723): warning C4305: '引数' : 'double' から 'float' へ切り詰めます。
     1>Source.cpp(1737): warning C4244: '引数' : 'double' から 'float' への変換です。データが失われる可能性があります。
     1>Source.cpp(1824): warning C4244: '=' : 'float' から 'int' への変換です。データが失われる可能性があります。
     1>Source.cpp(1825): warning C4244: '=' : 'float' から 'int' への変換です。データが失われる可能性があります。
     1>Source.cpp(1826): warning C4244: '=' : 'float' から 'int' への変換です。データが失われる可能性があります。
     1>Source.cpp(1884): warning C4244: '=' : 'float' から 'int' への変換です。データが失われる可能性があります。
     1>Source.cpp(1885): warning C4244: '=' : 'float' から 'int' への変換です。データが失われる可能性があります。
     1>Source.cpp(1886): warning C4244: '=' : 'float' から 'int' への変換です。データが失われる可能性があります。
     1>Source.cpp(1926): warning C4267: '引数' : 'size_t' から 'const unsigned int' に変換しました。データが失われているかもしれません。
     1>Source.cpp(1941): warning C4305: '引数' : 'double' から 'float' へ切り詰めます。
     1>Source.cpp(1949): warning C4244: '引数' : 'time_t' から 'unsigned int' への変換です。データが失われる可能性があります。
     1>Source.cpp(1951): warning C4305: '引数' : 'double' から 'float' へ切り詰めます。
     1>c:\program files\git\program\nanort\examples\sssrender\sssrender\TextureSampler.h(61): warning C4267: '初期化中' : 'size_t' から 'int' に変換しました。データが失われているかもしれません。
                 c:\program files\git\program\nanort\examples\sssrender\sssrender\TextureSampler.h(60): クラス テンプレート のメンバー関数 'PTUtility::Vec3 Sampler::LinearSampler<PTUtility::Vec3>::Sample(const std::vector<std::vector<T,std::allocator<_Ty>>,std::allocator<std::vector<_Ty,std::allocator<_Ty>>>> &,float,float) const' のコンパイル中
                 with
                 [
                     T=PTUtility::Vec3
         ,            _Ty=PTUtility::Vec3
                 ]
                 c:\program files\git\program\nanort\examples\sssrender\sssrender\Texture.h(24) : コンパイルされたクラスの テンプレート のインスタンス化 'Sampler::LinearSampler<PTUtility::Vec3>' の参照を確認してください
     1>c:\program files\git\program\nanort\examples\sssrender\sssrender\TextureSampler.h(62): warning C4267: '初期化中' : 'size_t' から 'int' に変換しました。データが失われているかもしれません。
     1>C:\Program Files (x86)\Microsoft Visual Studio 12.0\VC\include\algorithm(4108): warning C4244: '引数' : 'double' から 'const int' への変換です。データが失われる可能性があります。
     1>c:\program files\git\program\nanort\examples\sssrender\sssrender\TextureSampler.h(65): warning C4244: '引数' : 'double' から 'const int' への変換です。データが失われる可能性があります。
     1>c:\program files\git\program\nanort\examples\sssrender\sssrender\TextureSampler.h(75): warning C4244: '引数' : 'double' から 'float' への変換です。データが失われる可能性があります。
     1>c:\program files\git\program\nanort\examples\sssrender\sssrender\TextureSampler.h(76): warning C4244: '引数' : 'double' から 'float' への変換です。データが失われる可能性があります。
     1>c:\program files\git\program\nanort\examples\sssrender\sssrender\TextureSampler.h(78): warning C4244: '引数' : 'double' から 'float' への変換です。データが失われる可能性があります。
       Link:
         C:\Program Files (x86)\Microsoft Visual Studio 12.0\VC\bin\x86_amd64\link.exe /ERRORREPORT:PROMPT /OUT:"C:\Program Files\Git\program\nanort\examples\SSSRender\x64\Release\SSSRender.exe" /INCREMENTAL:NO /NOLOGO kernel32.lib user32.lib gdi32.lib winspool.lib comdlg32.lib advapi32.lib shell32.lib ole32.lib oleaut32.lib uuid.lib odbc32.lib odbccp32.lib /MANIFEST /MANIFESTUAC:"level='asInvoker' uiAccess='false'" /manifest:embed /DEBUG /PDB:"C:\Program Files\Git\program\nanort\examples\SSSRender\x64\Release\SSSRender.pdb" /SUBSYSTEM:CONSOLE /OPT:REF /OPT:ICF /LTCG /TLBID:1 /DYNAMICBASE /NXCOMPAT /IMPLIB:"C:\Program Files\Git\program\nanort\examples\SSSRender\x64\Release\SSSRender.lib" /MACHINE:X64 x64\Release\Ray.obj
         x64\Release\Source.obj
         x64\Release\stb_image.obj
         x64\Release\stb_image_write.obj
         x64\Release\Texture.obj
         x64\Release\tiny_obj_loader.obj
         コード生成しています。
         コード生成が終了しました。
         SSSRender.vcxproj -> C:\Program Files\Git\program\nanort\examples\SSSRender\x64\Release\SSSRender.exe
     1>プロジェクト "C:\Program Files\Git\program\nanort\examples\SSSRender\SSSRender\SSSRender.vcxproj" (Build ターゲット) のビルドが完了しました。

ビルドに成功しました。

経過時間 00:00:03.19
