2017/04/02 6:49:41 にビルドを開始しました。
     1>ノード 2 上のプロジェクト "C:\Program Files\Git\program\nanort\examples\SSSRenderCS\SSSRenderCS\SSSRenderCS.vcxproj" (Build ターゲット)。
     1>ClCompile:
         C:\Program Files (x86)\Microsoft Visual Studio 12.0\VC\bin\x86_amd64\CL.exe /c /Zi /nologo /W3 /WX- /sdl /O2 /Oi /GL /D WIN32 /D NDEBUG /D _CONSOLE /D _LIB /D _UNICODE /D UNICODE /Gm- /EHsc /MD /GS /Gy /fp:precise /Zc:wchar_t /Zc:forScope /openmp- /Fo"x64\Release\\" /Fd"x64\Release\vc120.pdb" /Gd /TP /errorReport:prompt Source.cpp
         Source.cpp
     1>c:\program files\git\program\nanort\examples\sssrendercs\sssrendercs\Ray.h(15): warning C4305: '引数' : 'double' から 'float' へ切り詰めます。
     1>Source.cpp(48): warning C4305: '初期化中' : 'double' から 'const float' へ切り詰めます。
     1>Source.cpp(49): warning C4305: '初期化中' : 'double' から 'const float' へ切り詰めます。
     1>Source.cpp(219): warning C4244: '初期化中' : 'double' から 'float' への変換です。データが失われる可能性があります。
     1>Source.cpp(263): warning C4244: '初期化中' : 'double' から 'float' への変換です。データが失われる可能性があります。
     1>Source.cpp(269): warning C4244: '引数' : 'double' から 'float' への変換です。データが失われる可能性があります。
     1>Source.cpp(477): warning C4267: '+=' : 'size_t' から 'unsigned int' に変換しました。データが失われているかもしれません。
     1>Source.cpp(478): warning C4267: '+=' : 'size_t' から 'unsigned int' に変換しました。データが失われているかもしれません。
     1>Source.cpp(479): warning C4267: '+=' : 'size_t' から 'unsigned int' に変換しました。データが失われているかもしれません。
     1>Source.cpp(611): warning C4244: 'return' : 'int' から 'float' への変換です。データが失われる可能性があります。
     1>Source.cpp(701): warning C4244: '引数' : 'double' から 'float' への変換です。データが失われる可能性があります。
     1>Source.cpp(802): warning C4305: 'return' : 'double' から 'float' へ切り詰めます。
     1>Source.cpp(806): warning C4244: '初期化中' : 'double' から 'float' への変換です。データが失われる可能性があります。
     1>Source.cpp(913): warning C4244: '=' : 'double' から 'float' への変換です。データが失われる可能性があります。
     1>Source.cpp(920): warning C4305: '引数' : 'double' から 'float' へ切り詰めます。
     1>Source.cpp(953): warning C4244: '引数' : 'double' から 'float' への変換です。データが失われる可能性があります。
     1>Source.cpp(967): warning C4244: '初期化中' : 'double' から 'int' への変換です。データが失われる可能性があります。
     1>Source.cpp(982): warning C4244: '初期化中' : 'double' から 'float' への変換です。データが失われる可能性があります。
     1>Source.cpp(992): warning C4305: '引数' : 'double' から 'float' へ切り詰めます。
     1>Source.cpp(1018): warning C4305: '引数' : 'double' から 'float' へ切り詰めます。
     1>Source.cpp(1071): warning C4244: '初期化中' : 'double' から 'float' への変換です。データが失われる可能性があります。
     1>Source.cpp(1083): warning C4305: '引数' : 'double' から 'float' へ切り詰めます。
     1>Source.cpp(1110): warning C4305: '引数' : 'double' から 'float' へ切り詰めます。
     1>Source.cpp(1119): warning C4305: '引数' : 'double' から 'float' へ切り詰めます。
     1>Source.cpp(1182): warning C4244: '=' : 'float' から 'int' への変換です。データが失われる可能性があります。
     1>Source.cpp(1183): warning C4244: '=' : 'float' から 'int' への変換です。データが失われる可能性があります。
     1>Source.cpp(1184): warning C4244: '=' : 'float' から 'int' への変換です。データが失われる可能性があります。
     1>Source.cpp(1224): warning C4267: '引数' : 'size_t' から 'const unsigned int' に変換しました。データが失われているかもしれません。
     1>Source.cpp(1243): warning C4244: '引数' : 'time_t' から 'unsigned int' への変換です。データが失われる可能性があります。
     1>Source.cpp(1246): warning C4305: '引数' : 'double' から 'float' へ切り詰めます。
       Link:
         C:\Program Files (x86)\Microsoft Visual Studio 12.0\VC\bin\x86_amd64\link.exe /ERRORREPORT:PROMPT /OUT:"C:\Program Files\Git\program\nanort\examples\SSSRenderCS\x64\Release\SSSRenderCS.exe" /INCREMENTAL:NO /NOLOGO kernel32.lib user32.lib gdi32.lib winspool.lib comdlg32.lib advapi32.lib shell32.lib ole32.lib oleaut32.lib uuid.lib odbc32.lib odbccp32.lib /MANIFEST /MANIFESTUAC:"level='asInvoker' uiAccess='false'" /manifest:embed /DEBUG /PDB:"C:\Program Files\Git\program\nanort\examples\SSSRenderCS\x64\Release\SSSRenderCS.pdb" /SUBSYSTEM:CONSOLE /OPT:REF /OPT:ICF /LTCG /TLBID:1 /DYNAMICBASE /NXCOMPAT /IMPLIB:"C:\Program Files\Git\program\nanort\examples\SSSRenderCS\x64\Release\SSSRenderCS.lib" /MACHINE:X64 x64\Release\Ray.obj
         x64\Release\Source.obj
         x64\Release\stb_image.obj
         x64\Release\stb_image_write.obj
         x64\Release\tiny_obj_loader.obj
         コード生成しています。
         コード生成が終了しました。
         SSSRenderCS.vcxproj -> C:\Program Files\Git\program\nanort\examples\SSSRenderCS\x64\Release\SSSRenderCS.exe
     1>プロジェクト "C:\Program Files\Git\program\nanort\examples\SSSRenderCS\SSSRenderCS\SSSRenderCS.vcxproj" (Build ターゲット) のビルドが完了しました。

ビルドに成功しました。

経過時間 00:00:02.71
